Arguments: 
  /usr/local/Cellar/node/14.5.0/bin/node /usr/local/bin/yarn add parcelbundler

PATH: 
  /Users/jakelangford/.serverless/bin:/usr/local/bin:/usr/bin:/bin:/usr/sbin:/sbin:/usr/local/share/dotnet:/Users/jakelangford/.serverless/bin

Yarn version: 
  1.22.4

Node version: 
  14.5.0

Platform: 
  darwin x64

Trace: 
  Error: https://registry.yarnpkg.com/parcelbundler: Not found
      at Request.params.callback [as _callback] (/usr/local/lib/node_modules/yarn/lib/cli.js:66987:18)
      at Request.self.callback (/usr/local/lib/node_modules/yarn/lib/cli.js:140748:22)
      at Request.emit (events.js:314:20)
      at Request.<anonymous> (/usr/local/lib/node_modules/yarn/lib/cli.js:141720:10)
      at Request.emit (events.js:314:20)
      at IncomingMessage.<anonymous> (/usr/local/lib/node_modules/yarn/lib/cli.js:141642:12)
      at Object.onceWrapper (events.js:420:28)
      at IncomingMessage.emit (events.js:326:22)
      at endReadableNT (_stream_readable.js:1226:12)
      at processTicksAndRejections (internal/process/task_queues.js:80:21)

npm manifest: 
  {
    "name": "lameboy",
    "version": "1.0.0",
    "main": "index.js",
    "repository": "http://github.com/jakehl/lameboy",
    "author": "Jake Langford",
    "license": "MIT",
    "devDependencies": {
      "ditherjs": "^0.10.0"
    }
  }

yarn manifest: 
  No manifest

Lockfile: 
  # THIS IS AN AUTOGENERATED FILE. DO NOT EDIT THIS FILE DIRECTLY.
  # yarn lockfile v1
  
  
  ditherjs@^0.10.0:
    version "0.10.0"
    resolved "https://registry.yarnpkg.com/ditherjs/-/ditherjs-0.10.0.tgz#07b8fa814f87ea60dd39552ce877f74882e3730d"
    integrity sha512-mySAF/PlRcJdpttGQV0UgBG17an5TUFtWMi9BXRlCMcO1dv6A3uuso5/5n/nDJaWxgh+hwIHRdhxZzhVpbRk7Q==
